2024-02-28 01:11:42	C:\Users\bandd\Documents\H3EK\wiki\dokuwiki\inc\ChangeLog\RevisionInfo.php(39)	E_WARNING: Undefined array key "media"
  #0 C:\Users\bandd\Documents\H3EK\wiki\dokuwiki\inc\ChangeLog\RevisionInfo.php(39): dokuwiki\ErrorHandler::errorHandler()
  #1 C:\Users\bandd\Documents\H3EK\wiki\dokuwiki\inc\Ui\PageDiff.php(69): dokuwiki\ChangeLog\RevisionInfo->__construct()
  #2 C:\Users\bandd\Documents\H3EK\wiki\dokuwiki\inc\Ui\PageConflict.php(60): dokuwiki\Ui\PageDiff->compareWith()
  #3 C:\Users\bandd\Documents\H3EK\wiki\dokuwiki\inc\Action\Conflict.php(36): dokuwiki\Ui\PageConflict->show()
  #4 C:\Users\bandd\Documents\H3EK\wiki\dokuwiki\inc\template.php(100): dokuwiki\Action\Conflict->tplContent()
  #5 [internal function]: tpl_content_core()
  #6 C:\Users\bandd\Documents\H3EK\wiki\dokuwiki\inc\Extension\Event.php(133): call_user_func_array()
  #7 C:\Users\bandd\Documents\H3EK\wiki\dokuwiki\inc\Extension\Event.php(199): dokuwiki\Extension\Event->trigger()
  #8 C:\Users\bandd\Documents\H3EK\wiki\dokuwiki\inc\template.php(85): dokuwiki\Extension\Event::createAndTrigger()
  #9 C:\Users\bandd\Documents\H3EK\wiki\dokuwiki\lib\tpl\dokuwiki\main.php(59): tpl_content()
  #10 C:\Users\bandd\Documents\H3EK\wiki\dokuwiki\inc\actions.php(27): include('...')
  #11 C:\Users\bandd\Documents\H3EK\wiki\dokuwiki\doku.php(126): act_dispatch()
  #12 {main}
2024-02-28 17:45:56	C:\Users\bandd\Documents\H3EK\wiki\dokuwiki\inc\ChangeLog\RevisionInfo.php(39)	E_WARNING: Undefined array key "media"
  #0 C:\Users\bandd\Documents\H3EK\wiki\dokuwiki\inc\ChangeLog\RevisionInfo.php(39): dokuwiki\ErrorHandler::errorHandler()
  #1 C:\Users\bandd\Documents\H3EK\wiki\dokuwiki\inc\Ui\PageDiff.php(69): dokuwiki\ChangeLog\RevisionInfo->__construct()
  #2 C:\Users\bandd\Documents\H3EK\wiki\dokuwiki\inc\Ui\PageDraft.php(35): dokuwiki\Ui\PageDiff->compareWith()
  #3 C:\Users\bandd\Documents\H3EK\wiki\dokuwiki\inc\Action\Draft.php(40): dokuwiki\Ui\PageDraft->show()
  #4 C:\Users\bandd\Documents\H3EK\wiki\dokuwiki\inc\template.php(100): dokuwiki\Action\Draft->tplContent()
  #5 [internal function]: tpl_content_core()
  #6 C:\Users\bandd\Documents\H3EK\wiki\dokuwiki\inc\Extension\Event.php(133): call_user_func_array()
  #7 C:\Users\bandd\Documents\H3EK\wiki\dokuwiki\inc\Extension\Event.php(199): dokuwiki\Extension\Event->trigger()
  #8 C:\Users\bandd\Documents\H3EK\wiki\dokuwiki\inc\template.php(85): dokuwiki\Extension\Event::createAndTrigger()
  #9 C:\Users\bandd\Documents\H3EK\wiki\dokuwiki\lib\tpl\dokuwiki\main.php(59): tpl_content()
  #10 C:\Users\bandd\Documents\H3EK\wiki\dokuwiki\inc\actions.php(27): include('...')
  #11 C:\Users\bandd\Documents\H3EK\wiki\dokuwiki\doku.php(126): act_dispatch()
  #12 {main}
